
Showing logs for build [32mcb-kubecd-environment-pr-182-93-kf4pm-1[0m stage [32mfrom-build-pack[0m and container [32mstep-credential-initializer-cxf7r[0m
{"level":"warn","ts":1584320391.6820207,"logger":"fallback-logger","caller":"logging/config.go:69","msg":"Fetch GitHub commit ID from kodata failed: \"ref: refs/heads/0.8.0-**-support-backwards-incompats\" is not a valid GitHub commit ID"}
{"level":"info","ts":1584320391.6829836,"logger":"fallback-logger","caller":"creds-init/main.go:40","msg":"Credentials initialized."}

Showing logs for build [32mcb-kubecd-environment-pr-182-93-kf4pm-1[0m stage [32mfrom-build-pack[0m and container [32mstep-working-dir-initializer-xk4ts[0m
{"level":"warn","ts":1584320392.1562042,"logger":"fallback-logger","caller":"logging/config.go:69","msg":"Fetch GitHub commit ID from kodata failed: open /var/run/ko/HEAD: no such file or directory"}
{"level":"info","ts":1584320392.1637785,"logger":"fallback-logger","caller":"bash/main.go:64","msg":"Successfully executed command \"sh -c mkdir -p /workspace/source\"; output "}

Showing logs for build [32mcb-kubecd-environment-pr-182-93-kf4pm-1[0m stage [32mfrom-build-pack[0m and container [32mstep-place-tools[0m

Showing logs for build [32mcb-kubecd-environment-pr-182-93-kf4pm-1[0m stage [32mfrom-build-pack[0m and container [32mstep-git-source-cb-kubecd-environment-pr-182-93-kf4pm-qbz8b[0m
{"level":"warn","ts":1584320398.4562879,"logger":"fallback-logger","caller":"logging/config.go:69","msg":"Fetch GitHub commit ID from kodata failed: \"ref: refs/heads/0.8.0-**-support-backwards-incompats\" is not a valid GitHub commit ID"}
{"level":"info","ts":1584320399.631181,"logger":"fallback-logger","caller":"git/git.go:103","msg":"Successfully cloned https://github.com/cb-kubecd/environment-pr-182-93-boot-gke-staging.git @ master in path /workspace/source"}

Showing logs for build [32mcb-kubecd-environment-pr-182-93-kf4pm-1[0m stage [32mfrom-build-pack[0m and container [32mstep-git-merge[0m
Using SHAs from PULL_REFS=master:c9f0fd2fbaf94f17522ea034058c3a10cfd9b937,3:24d667fd89ede1098925c024ac0e09226fd2d1ca
DEBUG: LC_ALL=C JX_LOG_LEVEL=error git fetch origin --unshallow 24d667fd89ede1098925c024ac0e09226fd2d1ca: c9f0fd2fbaf94f17522ea034058c3a10cfd9b937:
DEBUG: ran git fetch --unshallow origin 24d667fd89ede1098925c024ac0e09226fd2d1ca: c9f0fd2fbaf94f17522ea034058c3a10cfd9b937: in 
DEBUG: LC_ALL=C JX_LOG_LEVEL=error git branch
DEBUG: JX_LOG_LEVEL=error LC_ALL=C git checkout master
DEBUG: ran git checkout master in 
DEBUG: JX_LOG_LEVEL=error LC_ALL=C git reset --hard c9f0fd2fbaf94f17522ea034058c3a10cfd9b937
DEBUG: ran git reset --hard c9f0fd2fbaf94f17522ea034058c3a10cfd9b937 in 
DEBUG: LC_ALL=C JX_LOG_LEVEL=error git clean -fd .
DEBUG: ran clean --force -d . in 
DEBUG: LC_ALL=C JX_LOG_LEVEL=error git merge 24d667fd89ede1098925c024ac0e09226fd2d1ca
DEBUG: ran git merge 24d667fd89ede1098925c024ac0e09226fd2d1ca in 
DEBUG: LC_ALL=C JX_LOG_LEVEL=error git log --format=%H%x1f%an%x1f%ae%x1f%cn%x1f%ce%x1f%s%n%b%x1e c9f0fd2fbaf94f17522ea034058c3a10cfd9b937..HEAD
Merged SHA 24d667fd89ede1098925c024ac0e09226fd2d1ca with commit message 'chore: Promote bdd-gh-1584319310 to version 0.0.1' into base branch master

Showing logs for build [32mcb-kubecd-environment-pr-182-93-kf4pm-1[0m stage [32mfrom-build-pack[0m and container [32mstep-build-helm-build[0m
WARNING: No $CHART_REPOSITORY defined so using the default value of: http://jenkins-x-chartmuseum:8080
Adding missing Helm repo: storage.googleapis.com https://storage.googleapis.com/chartmuseum.jenkins-x.io
WARNING: No secrets found on "helm/repos" due: reading the secret "helm/repos" from vault: no secret "helm/repos" not found in vault
Read credentials for https://storage.googleapis.com/chartmuseum.jenkins-x.io from vault helm/repos
Successfully added Helm repository storage.googleapis.com.
Adding missing Helm repo: jenkins-x-chartmuseum http://jenkins-x-chartmuseum:8080
WARNING: No secrets found on "helm/repos" due: reading the secret "helm/repos" from vault: no secret "helm/repos" not found in vault
Read credentials for http://jenkins-x-chartmuseum:8080 from vault helm/repos
Successfully added Helm repository jenkins-x-chartmuseum.
WARNING: No $CHART_REPOSITORY defined so using the default value of: http://jenkins-x-chartmuseum:8080
Adding missing Helm repo: chartmuseum.jenkins-x.io http://chartmuseum.jenkins-x.io
WARNING: No secrets found on "helm/repos" due: reading the secret "helm/repos" from vault: no secret "helm/repos" not found in vault
Read credentials for http://chartmuseum.jenkins-x.io from vault helm/repos
Successfully added Helm repository chartmuseum.jenkins-x.io.
